Build started 2018/12/14 11:52:57.
     1>Project "D:\study sources\DBMS\HustBase（2018版）\HustBase（2018版）\HustBase.vcxproj" on node 2 (build target(s)).
     1>InitializeBuildStatus:
         Creating "Debug\HustBase.unsuccessfulbuild" because "AlwaysCreate" was specified.
       ClCompile:
         All outputs are up-to-date.
         D:\VS 2010\VC\bin\CL.exe /c /ZI /nologo /W3 /WX- /Od /Oy- /D WIN32 /D _DEBUG /D _WINDOWS /D _VC80_UPGRADE=0x0600 /D _MBCS /D _AFXDLL /Gm /EHsc /RTC1 /MDd /GS /Gy- /fp:precise /Zc:wchar_t /Zc:forScope /Yu"stdafx.h" /Fp".\Debug\HustBase.pch" /Fo".\Debug\\" /Fd".\Debug\vc100.pdb" /FR"Debug\\" /Gd /TP /analyze- /errorReport:prompt SYS_Manager.cpp
         SYS_Manager.cpp
     1>d:\study sources\dbms\hustbase（2018版）\hustbase（2018版）\sys_manager.cpp(169): warning C4996: 'strcpy': This function or variable may be unsafe. Consider using strcpy_s instead. To disable deprecation, use _CRT_SECURE_NO_WARNINGS. See online help for details.
                 d:\vs 2010\vc\include\string.h(105) : see declaration of 'strcpy'
     1>d:\study sources\dbms\hustbase（2018版）\hustbase（2018版）\sys_manager.cpp(170): warning C4996: 'strcpy': This function or variable may be unsafe. Consider using strcpy_s instead. To disable deprecation, use _CRT_SECURE_NO_WARNINGS. See online help for details.
                 d:\vs 2010\vc\include\string.h(105) : see declaration of 'strcpy'
     1>d:\study sources\dbms\hustbase（2018版）\hustbase（2018版）\sys_manager.cpp(245): warning C4996: 'stricmp': The POSIX name for this item is deprecated. Instead, use the ISO C++ conformant name: _stricmp. See online help for details.
                 d:\vs 2010\vc\include\string.h(246) : see declaration of 'stricmp'
         All outputs are up-to-date.
       ResourceCompile:
         All outputs are up-to-date.
       ManifestResourceCompile:
         All outputs are up-to-date.
       Link:
         D:\VS 2010\VC\bin\link.exe /ERRORREPORT:PROMPT /OUT:".\Debug\HustBase.exe" /INCREMENTAL /NOLOGO /MANIFEST /ManifestFile:"Debug\HustBase.exe.intermediate.manifest" /MANIFESTUAC:"level='asInvoker' uiAccess='false'" /DEBUG /PDB:"D:\study sources\DBMS\HustBase（2018版）\HustBase（2018版）\Debug\HustBase.pdb" /SUBSYSTEM:WINDOWS /TLBID:1 /DYNAMICBASE /NXCOMPAT /IMPLIB:"Debug\HustBase.lib" /MACHINE:X86 Debug\HustBase.res
         Debug\HustBase.exe.embed.manifest.res
         .\Debug\CreateDBDialog.obj
         .\Debug\DropDBDialog.obj
         .\Debug\EditArea.obj
         .\Debug\HustBase.obj
         .\Debug\HustBaseDoc.obj
         .\Debug\HustBaseView.obj
         .\Debug\IX_Manager.obj
         .\Debug\lex.yy.obj
         .\Debug\MainFrm.obj
         .\Debug\OpenDBDialog.obj
         .\Debug\parse.obj
         .\Debug\PF_Manager.obj
         .\Debug\QU_Manager.obj
         .\Debug\RM_Manager.obj
         .\Debug\StdAfx.obj
         .\Debug\SYS_Manager.obj
         .\Debug\TableList.obj
         .\Debug\TreeList.obj
         .\Debug\yacc_sql.tab.obj
       Manifest:
         C:\Program Files (x86)\Microsoft SDKs\Windows\v7.0A\bin\mt.exe /nologo /verbose /out:"Debug\HustBase.exe.embed.manifest" /manifest Debug\HustBase.exe.intermediate.manifest "D:\VS 2010\VC\Include\Manifest\dpiaware.manifest"
         All outputs are up-to-date.
       LinkEmbedManifest:
         All outputs are up-to-date.
         HustBase.vcxproj -> D:\study sources\DBMS\HustBase（2018版）\HustBase（2018版）\Debug\HustBase.exe
       BscMake:
         D:\VS 2010\VC\bin\bscmake.exe /nologo /o".\Debug\HustBase.bsc" Debug\CreateDBDialog.sbr Debug\DropDBDialog.sbr Debug\EditArea.sbr Debug\HustBase.sbr Debug\HustBaseDoc.sbr Debug\HustBaseView.sbr Debug\IX_Manager.sbr Debug\lex.yy.sbr Debug\MainFrm.sbr Debug\OpenDBDialog.sbr Debug\parse.sbr Debug\PF_Manager.sbr Debug\QU_Manager.sbr Debug\RM_Manager.sbr Debug\StdAfx.sbr Debug\SYS_Manager.sbr Debug\TableList.sbr Debug\TreeList.sbr Debug\yacc_sql.tab.sbr
       FinalizeBuildStatus:
         Deleting file "Debug\HustBase.unsuccessfulbuild".
         Touching "Debug\HustBase.lastbuildstate".
     1>Done Building Project "D:\study sources\DBMS\HustBase（2018版）\HustBase（2018版）\HustBase.vcxproj" (build target(s)).

Build succeeded.

Time Elapsed 00:00:04.74
