D:\study sources\DBMS\HustBase（2018版）\HustBase（2018版）\Debug\BscMake.command.1.tlog
D:\study sources\DBMS\HustBase（2018版）\HustBase（2018版）\Debug\bscmake.read.1.tlog
D:\study sources\DBMS\HustBase（2018版）\HustBase（2018版）\Debug\bscmake.write.1.tlog
D:\study sources\DBMS\HustBase（2018版）\HustBase（2018版）\Debug\cl.command.1.tlog
D:\study sources\DBMS\HustBase（2018版）\HustBase（2018版）\Debug\CL.read.1.tlog
D:\study sources\DBMS\HustBase（2018版）\HustBase（2018版）\Debug\CL.write.1.tlog
D:\STUDY SOURCES\DBMS\HUSTBASE（2018版）\HUSTBASE（2018版）\DEBUG\CREATEDBDIALOG.OBJ
D:\STUDY SOURCES\DBMS\HUSTBASE（2018版）\HUSTBASE（2018版）\DEBUG\CREATEDBDIALOG.SBR
D:\STUDY SOURCES\DBMS\HUSTBASE（2018版）\HUSTBASE（2018版）\DEBUG\EDITAREA.OBJ
D:\STUDY SOURCES\DBMS\HUSTBASE（2018版）\HUSTBASE（2018版）\DEBUG\EDITAREA.SBR
D:\STUDY SOURCES\DBMS\HUSTBASE（2018版）\HUSTBASE（2018版）\DEBUG\HUSTBASE.BSC
D:\STUDY SOURCES\DBMS\HUSTBASE（2018版）\HUSTBASE（2018版）\DEBUG\HUSTBASE.EXE
D:\STUDY SOURCES\DBMS\HUSTBASE（2018版）\HUSTBASE（2018版）\DEBUG\HUSTBASE.EXE.EMBED.MANIFEST
D:\STUDY SOURCES\DBMS\HUSTBASE（2018版）\HUSTBASE（2018版）\DEBUG\HUSTBASE.EXE.EMBED.MANIFEST.RES
D:\STUDY SOURCES\DBMS\HUSTBASE（2018版）\HUSTBASE（2018版）\DEBUG\HUSTBASE.EXE.INTERMEDIATE.MANIFEST
D:\STUDY SOURCES\DBMS\HUSTBASE（2018版）\HUSTBASE（2018版）\DEBUG\HUSTBASE.ILK
D:\STUDY SOURCES\DBMS\HUSTBASE（2018版）\HUSTBASE（2018版）\DEBUG\HUSTBASE.OBJ
D:\STUDY SOURCES\DBMS\HUSTBASE（2018版）\HUSTBASE（2018版）\DEBUG\HUSTBASE.PCH
D:\STUDY SOURCES\DBMS\HUSTBASE（2018版）\HUSTBASE（2018版）\DEBUG\HUSTBASE.PDB
D:\STUDY SOURCES\DBMS\HUSTBASE（2018版）\HUSTBASE（2018版）\DEBUG\HUSTBASE.RES
D:\STUDY SOURCES\DBMS\HUSTBASE（2018版）\HUSTBASE（2018版）\DEBUG\HUSTBASE.SBR
D:\study sources\DBMS\HustBase（2018版）\HustBase（2018版）\Debug\HustBase.vcxprojResolveAssemblyReference.cache
D:\study sources\DBMS\HustBase（2018版）\HustBase（2018版）\Debug\HustBase.write.1.tlog
D:\study sources\DBMS\HustBase（2018版）\HustBase（2018版）\Debug\HustBase_manifest.rc
D:\STUDY SOURCES\DBMS\HUSTBASE（2018版）\HUSTBASE（2018版）\DEBUG\HUSTBASEDOC.OBJ
D:\STUDY SOURCES\DBMS\HUSTBASE（2018版）\HUSTBASE（2018版）\DEBUG\HUSTBASEDOC.SBR
D:\STUDY SOURCES\DBMS\HUSTBASE（2018版）\HUSTBASE（2018版）\DEBUG\HUSTBASEVIEW.OBJ
D:\STUDY SOURCES\DBMS\HUSTBASE（2018版）\HUSTBASE（2018版）\DEBUG\HUSTBASEVIEW.SBR
D:\STUDY SOURCES\DBMS\HUSTBASE（2018版）\HUSTBASE（2018版）\DEBUG\IX_MANAGER.OBJ
D:\STUDY SOURCES\DBMS\HUSTBASE（2018版）\HUSTBASE（2018版）\DEBUG\IX_MANAGER.SBR
D:\STUDY SOURCES\DBMS\HUSTBASE（2018版）\HUSTBASE（2018版）\DEBUG\LEX.YY.OBJ
D:\STUDY SOURCES\DBMS\HUSTBASE（2018版）\HUSTBASE（2018版）\DEBUG\LEX.YY.SBR
D:\study sources\DBMS\HustBase（2018版）\HustBase（2018版）\Debug\link.10380.read.1.tlog
D:\study sources\DBMS\HustBase（2018版）\HustBase（2018版）\Debug\link.10380.write.1.tlog
D:\study sources\DBMS\HustBase（2018版）\HustBase（2018版）\Debug\link.10380-cvtres.read.1.tlog
D:\study sources\DBMS\HustBase（2018版）\HustBase（2018版）\Debug\link.10380-cvtres.write.1.tlog
D:\study sources\DBMS\HustBase（2018版）\HustBase（2018版）\Debug\link.10432.read.1.tlog
D:\study sources\DBMS\HustBase（2018版）\HustBase（2018版）\Debug\link.10432.write.1.tlog
D:\study sources\DBMS\HustBase（2018版）\HustBase（2018版）\Debug\link.10432-cvtres.read.1.tlog
D:\study sources\DBMS\HustBase（2018版）\HustBase（2018版）\Debug\link.10432-cvtres.write.1.tlog
D:\study sources\DBMS\HustBase（2018版）\HustBase（2018版）\Debug\link.628.read.1.tlog
D:\study sources\DBMS\HustBase（2018版）\HustBase（2018版）\Debug\link.628.write.1.tlog
D:\study sources\DBMS\HustBase（2018版）\HustBase（2018版）\Debug\link.628-cvtres.read.1.tlog
D:\study sources\DBMS\HustBase（2018版）\HustBase（2018版）\Debug\link.628-cvtres.write.1.tlog
D:\study sources\DBMS\HustBase（2018版）\HustBase（2018版）\Debug\link.command.1.tlog
D:\study sources\DBMS\HustBase（2018版）\HustBase（2018版）\Debug\link.read.1.tlog
D:\study sources\DBMS\HustBase（2018版）\HustBase（2018版）\Debug\link.write.1.tlog
D:\study sources\DBMS\HustBase（2018版）\HustBase（2018版）\Debug\link-cvtres.read.1.tlog
D:\study sources\DBMS\HustBase（2018版）\HustBase（2018版）\Debug\link-cvtres.write.1.tlog
D:\STUDY SOURCES\DBMS\HUSTBASE（2018版）\HUSTBASE（2018版）\DEBUG\MAINFRM.OBJ
D:\STUDY SOURCES\DBMS\HUSTBASE（2018版）\HUSTBASE（2018版）\DEBUG\MAINFRM.SBR
D:\study sources\DBMS\HustBase（2018版）\HustBase（2018版）\Debug\mt.command.1.tlog
D:\study sources\DBMS\HustBase（2018版）\HustBase（2018版）\Debug\mt.read.1.tlog
D:\study sources\DBMS\HustBase（2018版）\HustBase（2018版）\Debug\mt.write.1.tlog
D:\STUDY SOURCES\DBMS\HUSTBASE（2018版）\HUSTBASE（2018版）\DEBUG\PARSE.OBJ
D:\STUDY SOURCES\DBMS\HUSTBASE（2018版）\HUSTBASE（2018版）\DEBUG\PARSE.SBR
D:\STUDY SOURCES\DBMS\HUSTBASE（2018版）\HUSTBASE（2018版）\DEBUG\PF_MANAGER.OBJ
D:\STUDY SOURCES\DBMS\HUSTBASE（2018版）\HUSTBASE（2018版）\DEBUG\PF_MANAGER.SBR
D:\STUDY SOURCES\DBMS\HUSTBASE（2018版）\HUSTBASE（2018版）\DEBUG\QU_MANAGER.OBJ
D:\STUDY SOURCES\DBMS\HUSTBASE（2018版）\HUSTBASE（2018版）\DEBUG\QU_MANAGER.SBR
D:\study sources\DBMS\HustBase（2018版）\HustBase（2018版）\Debug\rc.command.1.tlog
D:\study sources\DBMS\HustBase（2018版）\HustBase（2018版）\Debug\rc.read.1.tlog
D:\study sources\DBMS\HustBase（2018版）\HustBase（2018版）\Debug\rc.write.1.tlog
D:\STUDY SOURCES\DBMS\HUSTBASE（2018版）\HUSTBASE（2018版）\DEBUG\RM_MANAGER.OBJ
D:\STUDY SOURCES\DBMS\HUSTBASE（2018版）\HUSTBASE（2018版）\DEBUG\RM_MANAGER.SBR
D:\STUDY SOURCES\DBMS\HUSTBASE（2018版）\HUSTBASE（2018版）\DEBUG\STDAFX.OBJ
D:\STUDY SOURCES\DBMS\HUSTBASE（2018版）\HUSTBASE（2018版）\DEBUG\STDAFX.SBR
D:\STUDY SOURCES\DBMS\HUSTBASE（2018版）\HUSTBASE（2018版）\DEBUG\SYS_MANAGER.OBJ
D:\STUDY SOURCES\DBMS\HUSTBASE（2018版）\HUSTBASE（2018版）\DEBUG\SYS_MANAGER.SBR
D:\STUDY SOURCES\DBMS\HUSTBASE（2018版）\HUSTBASE（2018版）\DEBUG\TABLELIST.OBJ
D:\STUDY SOURCES\DBMS\HUSTBASE（2018版）\HUSTBASE（2018版）\DEBUG\TABLELIST.SBR
D:\STUDY SOURCES\DBMS\HUSTBASE（2018版）\HUSTBASE（2018版）\DEBUG\TREELIST.OBJ
D:\STUDY SOURCES\DBMS\HUSTBASE（2018版）\HUSTBASE（2018版）\DEBUG\TREELIST.SBR
D:\study sources\DBMS\HustBase（2018版）\HustBase（2018版）\Debug\vc100.idb
D:\STUDY SOURCES\DBMS\HUSTBASE（2018版）\HUSTBASE（2018版）\DEBUG\VC100.PDB
D:\STUDY SOURCES\DBMS\HUSTBASE（2018版）\HUSTBASE（2018版）\DEBUG\YACC_SQL.TAB.OBJ
D:\STUDY SOURCES\DBMS\HUSTBASE（2018版）\HUSTBASE（2018版）\DEBUG\YACC_SQL.TAB.SBR
Debug\HustBase.bsc
Debug\HustBase.ilk
Debug\HustBase.pdb
